[debug] > Exec(test, None, None)
[debug] Evaluating tasks: Test / test
[debug] Running task... Cancel: Signal, check cycles: false, forcegc: true
[info] compiling 2 Scala sources to C:\Users\hsl13\OneDrive\Documents\ScalaGit\Scala-Tic-Tac-Toe\tictactoe\target\scala-2.12\test-classes ...
[info] done compiling
[info] PlayerTest:
[info] A Player
[info] - should have name Bob
[info] - should have name George
[info] BoardTest:
[info] A Board
[info] - should have an empty space in (1,1)
[info] - should not have an empty space in (1,1)
[info] Run completed in 142 milliseconds.
[info] Total number of tests run: 4
[info] Suites: completed 2, aborted 0
[info] Tests: succeeded 4, failed 0, canceled 0, ignored 0, pending 0
[info] All tests passed.
[success] Total time: 1 s, completed May 24, 2021, 1:54:48 PM
[debug] > Exec(idea-shell, None, None)
